<?xml version='1.0' encoding='UTF-8'?>
<testsuite hostname="WIN-5LR0SASAF9R" name="otus.ReliabilitySimulation" tests="1" errors="0" failures="0" skipped="0" time="3934335.447" timestamp="2025-10-19T22:17:37">
          <properties>
      <property name="java.specification.version" value="21"/><property name="sun.cpu.isalist" value="amd64"/><property name="sun.jnu.encoding" value="Cp1251"/><property name="sun.arch.data.model" value="64"/><property name="java.vendor.url" value="https://adoptium.net/"/><property name="sun.boot.library.path" value="C:\Program Files\Eclipse Adoptium\jdk-21.0.8.9-hotspot\bin"/><property name="sun.java.command" value="xsbt.boot.Boot gatling:testOnly otus.ReliabilitySimulation"/><property name="jdk.debug" value="release"/><property name="java.specification.vendor" value="Oracle Corporation"/><property name="java.version.date" value="2025-07-15"/><property name="java.home" value="C:\Program Files\Eclipse Adoptium\jdk-21.0.8.9-hotspot"/><property name="file.separator" value="\"/><property name="java.vm.compressedOopsMode" value="32-bit"/><property name="line.separator" value="
"/><property name="java.vm.specification.vendor" value="Oracle Corporation"/><property name="java.specification.name" value="Java Platform API Specification"/><property name="user.script" value=""/><property name="sun.management.compiler" value="HotSpot 64-Bit Tiered Compilers"/><property name="java.runtime.version" value="21.0.8+9-LTS"/><property name="user.name" value="user"/><property name="log4j.ignoreTCL" value="true"/><property name="file.encoding" value="UTF-8"/><property name="jnidispatch.path" value="C:\Users\user\AppData\Local\Temp\jna-3599307\jna5360824165052824674.dll"/><property name="java.vendor.version" value="Temurin-21.0.8+9"/><property name="jna.loaded" value="true"/><property name="java.io.tmpdir" value="C:\Users\user\AppData\Local\Temp\"/><property name="java.version" value="21.0.8"/><property name="java.vm.specification.name" value="Java Virtual Machine Specification"/><property name="sun.os.patch.level" value=""/><property name="native.encoding" value="Cp1251"/><property name="java.library.path" value="C:\Program Files\Eclipse Adoptium\jdk-21.0.8.9-hotspot\bin;C:\WINDOWS\Sun\Java\bin;C:\WINDOWS\system32;C:\WINDOWS;C:\Program Files\Eclipse Adoptium\jdk-21.0.8.9-hotspot\\bin;C:\Program Files\Eclipse Adoptium\jdk-21.0.8.9-hotspot\bin;C:\Program Files\Eclipse Adoptium\jdk-17.0.16.8-hotspot\bin;C:\Program Files (x86)\Common Files\Oracle\Java\java8path;C:\Program Files (x86)\Common Files\Oracle\Java\javapath;C:\Program Files\Amazon Corretto\jdk11.0.26_4\bin;C:\WINDOWS\system32;C:\WINDOWS;C:\WINDOWS\System32\Wbem;C:\WINDOWS\System32\WindowsPowerShell\v1.0\;C:\WINDOWS\System32\OpenSSH\;C:\Program Files\apache-maven-3.9.9\bin;C:\WebDriver\bin;C:\Program Files\Git\cmd;C:\allure-commandline-2.33.0\allure-2.33.0\bin;C:\Program Files (x86)\sbt\bin;C:\Users\user\AppData\Local\Programs\Python\Launcher\;C:\Program Files\Eclipse Adoptium\jdk-21.0.8.9-hotspot\bin;C:\Program Files\Eclipse Adoptium\jdk-17.0.16.8-hotspot\bin;C:\Program Files (x86)\Common Files\Oracle\Java\java8path;C:\Program Files (x86)\Common Files\Oracle\Java\javapath;C:\Program Files\Amazon Corretto\jdk11.0.26_4\bin;C:\WINDOWS\system32;C:\WINDOWS;C:\WINDOWS\System32\Wbem;C:\WINDOWS\System32\WindowsPowerShell\v1.0\;C:\WINDOWS\System32\OpenSSH\;C:\Program Files\apache-maven-3.9.9\bin;C:\WebDriver\bin;C:\Program Files\Git\cmd;C:\allure-commandline-2.33.0\allure-2.33.0\bin;C:\Program Files (x86)\sbt\bin;C:\Users\user\AppData\Local\Programs\Python\Launcher\;C:\Program Files\JetBrains\PyCharm 2025.2.1.1\bin;C:\WebDriver\bin;C:\Program Files\JetBrains\PyCharm 2025.2.1.1\bin;C:\Users\user\AppData\Local\Programs\Fiddler;."/><property name="stderr.encoding" value="cp866"/><property name="java.vendor" value="Eclipse Adoptium"/><property name="scala.ext.dirs" value="C:\Users\user\.sbt\1.0\java9-rt-ext-eclipse_adoptium_21_0_8"/><property name="sun.io.unicode.encoding" value="UnicodeLittle"/><property name="java.class.path" value="C:\Program Files (x86)\sbt\\bin\sbt-launch.jar"/><property name="java.vm.vendor" value="Eclipse Adoptium"/><property name="user.variant" value=""/><property name="jline.shutdownhook" value="false"/><property name="user.timezone" value="Europe/Moscow"/><property name="java.vm.specification.version" value="21"/><property name="os.name" value="Windows 11"/><property name="sun.java.launcher" value="SUN_STANDARD"/><property name="user.country" value="RU"/><property name="sun.cpu.endian" value="little"/><property name="user.home" value="C:\Users\user"/><property name="user.language" value="ru"/><property name="sbt.ipcsocket.tmpdir" value="C:\Users\user\AppData\Local\Temp\.sbtfeeb9d5a\ipcsocket"/><property name="swoval.tmpdir" value="C:\Users\user\AppData\Local\Temp\.sbtfeeb9d5a\swoval"/><property name="jline.esc.timeout" value="0"/><property name="stdout.encoding" value="cp866"/><property name="path.separator" value=";"/><property name="os.version" value="10.0"/><property name="jna.nosys" value="true"/><property name="java.runtime.name" value="OpenJDK Runtime Environment"/><property name="java.vm.name" value="OpenJDK 64-Bit Server VM"/><property name="java.vendor.url.bug" value="https://github.com/adoptium/adoptium-support/issues"/><property name="user.dir" value="C:\Users\user\Desktop\test\gatling demo\gatling-sbt-plugin-demo"/><property name="os.arch" value="amd64"/><property name="java.vm.info" value="mixed mode, sharing"/><property name="java.vm.version" value="21.0.8+9-LTS"/><property name="java.class.version" value="65.0"/>
    </properties>
          <testcase classname="otus.ReliabilitySimulation" name="" time="3934335.447">
                      
                    </testcase>
          <system-out><![CDATA[]]></system-out>
          <system-err><![CDATA[]]></system-err>
        </testsuite>